<?xml version="1.0" encoding="UTF-8"?>
<!-- Generated by org.testng.reporters.JUnitXMLReporter -->
<testsuite hostname="DESKTOP-BLK1O3O" ignored="0" name="Test3" tests="3" failures="0" timestamp="2023-12-14T22:46:31 IST" time="35.892" errors="0">
  <testcase name="test" time="15.42" classname="seleniumpgpractise.pgm"/>
  <testcase name="google" time="20.246" classname="seleniumpgpractise.pgm22"/>
  <testcase name="google" time="20.434" classname="seleniumpgpractise.pgm22"/>
</testsuite> <!-- Test3 -->
