<?xml version="1.0" encoding="UTF-8"?>
<!-- Generated by org.testng.reporters.JUnitXMLReporter -->
<testsuite hostname="DESKTOP-BLK1O3O" ignored="0" name="Test1" tests="3" failures="0" timestamp="2023-12-14T22:45:55 IST" time="28.902" errors="0">
  <testcase name="test" time="14.343" classname="seleniumpgpractise.pgm"/>
  <testcase name="google" time="12.077" classname="seleniumpgpractise.pgm22"/>
  <testcase name="google" time="14.419" classname="seleniumpgpractise.pgm22"/>
</testsuite> <!-- Test1 -->
